21:50:02> Key UP pressed
21:50:10> Key LEFT pressed
21:50:11> Key RIGHT pressed
21:50:11> Key UP pressed
21:50:11> Key DOWN pressed
21:50:12> Key UP pressed
21:50:12> Key LEFT pressed
21:50:12> Key RIGHT pressed
21:50:12> Key UP pressed
21:50:12> Key LEFT pressed
21:50:12> Key SPACE pressed
21:50:13> Key UP pressed
21:50:13> Key UP pressed
21:50:14> Key SPACE pressed
22:01:47> Key UP pressed
22:01:48> Key UP pressed
22:01:49> Key RIGHT pressed
22:01:49> Key LEFT pressed
22:01:49> Key DOWN pressed
22:01:50> Key SPACE pressed
22:01:51> Key DOWN pressed
22:01:51> Key UP pressed
22:01:51> Key RIGHT pressed
22:01:51> Key LEFT pressed
22:01:52> Key DOWN pressed
22:01:52> Key RIGHT pressed
22:01:52> Key LEFT pressed
22:01:52> Key UP pressed
22:01:52> Key UP pressed
22:01:52> Key RIGHT pressed
22:01:52> Key LEFT pressed
22:01:53> Key RIGHT pressed
22:01:53> Key DOWN pressed
22:01:53> Key LEFT pressed
22:01:53> Key UP pressed
22:01:53> Key LEFT pressed
22:01:53> Key UP pressed
22:01:54> Key O pressed
22:01:55> Key K pressed
22:01:55> Leftflip is awesome!
22:01:55> Key L pressed
22:01:55> Nice backflip !
22:01:56> Key Z pressed
22:01:57> Key L pressed
22:01:57> Nice backflip !
22:01:57> Key K pressed
22:01:57> Leftflip is awesome!
22:01:58> Key O pressed
22:01:58> Key K pressed
22:01:58> Leftflip is awesome!
22:01:58> Key O pressed
22:01:58> Key K pressed
22:01:58> Leftflip is awesome!
22:01:58> Key L pressed
22:01:58> Nice backflip !
22:01:58> Would you try double rightflip ?
22:01:59> Key O pressed
22:01:59> Leftflip is awesome!
22:01:59> Leftflip is awesome!
22:01:59> Key UP pressed
22:01:59> Key UP pressed
22:02:00> Key LEFT pressed
22:02:00> Key SPACE pressed
22:02:00> Key SPACE pressed
22:02:01> Key SPACE pressed
22:02:01> Key SPACE pressed
22:02:28> Key UP pressed
22:02:28> Key SPACE pressed
22:02:30> Key DOWN pressed
22:02:30> Key LEFT pressed
22:02:30> Key RIGHT pressed
22:02:31> Key SPACE pressed
22:02:32> Key RIGHT pressed
22:02:32> Key LEFT pressed
22:02:32> Key UP pressed
22:02:32> Key RIGHT pressed
22:02:32> Key LEFT pressed
22:02:32> Key RIGHT pressed
22:02:32> Key UP pressed
22:02:32> Key LEFT pressed
22:02:33> Key UP pressed
22:02:33> Key LEFT pressed
22:02:33> Key Z pressed
22:02:34> Key O pressed
22:02:34> Key K pressed
22:02:34> Leftflip is awesome!
22:02:34> Key L pressed
22:02:34> Nice backflip !
22:02:35> Key K pressed
22:02:35> Leftflip is awesome!
22:02:35> Key SPACE pressed
22:04:51> Key SPACE pressed
22:04:52> Key UP pressed
22:04:58> Key DOWN pressed
22:04:59> Key SPACE pressed
22:05:01> Key UP pressed
22:05:05> Key Z pressed
22:20:44> Key UP pressed
22:20:44> Key SPACE pressed
22:21:43> Key SPACE pressed
22:21:46> Key Z pressed
22:21:48> Key Q pressed
22:21:49> Key D pressed
22:21:49> Key S pressed
22:21:51> Key UP pressed
22:21:51> Key LEFT pressed
22:21:52> Key DOWN pressed
22:21:52> Key RIGHT pressed
22:21:52> Key UP pressed
22:21:52> Key UP pressed
22:21:52> Key LEFT pressed
22:21:53> Key DOWN pressed
22:21:53> Key RIGHT pressed
22:21:54> Key ESCAPE pressed
22:21:54> State changed to : Outdoor.
22:21:56> Key O pressed
22:21:56> Key K pressed
22:21:56> Leftflip is awesome!
22:21:57> Key L pressed
22:21:57> Nice backflip !
22:21:57> Nice backflip !
22:22:00> Key ESCAPE pressed
22:22:00> State changed to : Indoor.
22:22:03> Key O pressed
23:29:36> Key UP pressed
23:29:38> Key LEFT pressed
23:29:39> Key RIGHT pressed
23:29:39> Key UP pressed
23:29:39> Key LEFT pressed
23:29:39> Key DOWN pressed
23:29:39> Key RIGHT pressed
23:29:39> Key LEFT pressed
23:29:39> Key RIGHT pressed
23:29:39> Key UP pressed
23:29:40> Key LEFT pressed
23:29:40> Key DOWN pressed
23:29:40> Key RIGHT pressed
23:29:40> Key UP pressed
23:29:40> Key LEFT pressed
23:29:41> Key DOWN pressed
23:29:41> Key RIGHT pressed