
17:47:28> UAV is inializing. Please wait...
17:47:30> [OK] UAV is now initialized.
17:48:17> Robot detected ! 
17:48:22> Robot detected ! 
17:48:22> Robot detected ! 
17:48:38> Robot detected ! 
17:49:07> Robot detected ! 
17:51:33> UAV is inializing. Please wait...
17:51:35> [OK] UAV is now initialized.
17:51:35> [OK] UAV is now initialized.
17:51:58> Robot detected ! 
17:51:58> Robot detected ! 
17:52:07> Robot is going left
17:52:09> Robot is now stopping
17:52:10> Robot detected ! 
17:55:10> UAV is inializing. Please wait...
17:55:12> [OK] UAV is now initialized.
17:56:39> UAV is inializing. Please wait...
17:56:41> [OK] UAV is now initialized.
17:57:04> UAV is inializing. Please wait...
17:57:06> [OK] UAV is now initialized.
17:57:45> UAV is inializing. Please wait...
17:57:48> [OK] UAV is now initialized.
17:59:59> UAV is inializing. Please wait...
18:00:01> [OK] UAV is now initialized.
18:01:17> UAV is inializing. Please wait...
18:01:19> [OK] UAV is now initialized.
13:11:28> Key UP pressed
13:11:30> Key LEFT pressed
13:11:32> Key RIGHT pressed
13:11:32> Key DOWN pressed
13:11:43> Key UP pressed
13:11:44> Key UP pressed
13:11:45> Key DOWN pressed
13:11:46> Key SPACE pressed
13:11:50> Key SPACE pressed
13:25:14> Key UP pressed
14:07:24> Key ESCAPE pressed
14:07:24> State changed to : Outdoor.
14:07:30> Key SPACE pressed